AccoutBook/app/build/outputs/logs/manifest-merger-release-report.txt
-- Merging decision tree log ---
manifest
ADDED from src\main\AndroidManifest.xml:2:1-22:12
INJECTED from src\main\AndroidManifest.xml:2:1-22:12
INJECTED from src\main\AndroidManifest.xml:2:1-22:12
INJECTED from src\main\AndroidManifest.xml:2:1-22:12
INJECTED from src\main\AndroidManifest.xml:2:1-22:12
INJECTED from src\main\AndroidManifest.xml:2:1-22:12
INJECTED from src\main\AndroidManifest.xml:2:1-22:12
	package
		ADDED from src\main\AndroidManifest.xml:3:7-37
		INJECTED from src\main\AndroidManifest.xml
		INJECTED from src\main\AndroidManifest.xml
	android:versionName
		ADDED from src\main\AndroidManifest.xml:5:7-32
		INJECTED from src\main\AndroidManifest.xml
		INJECTED from src\main\AndroidManifest.xml
	xmlns:android
		ADDED from src\main\AndroidManifest.xml:2:11-69
	android:versionCode
		ADDED from src\main\AndroidManifest.xml:4:7-30
		INJECTED from src\main\AndroidManifest.xml
		INJECTED from src\main\AndroidManifest.xml
application
ADDED from src\main\AndroidManifest.xml:6:5-19:19
	android:label
		ADDED from src\main\AndroidManifest.xml:6:48-80
	android:icon
		ADDED from src\main\AndroidManifest.xml:6:18-47
activity#com.anoic.AccoutBook.AccountsBook
ADDED from src\main\AndroidManifest.xml:7:9-14:20
	android:label
		ADDED from src\main\AndroidManifest.xml:8:19-51
	android:name
		ADDED from src\main\AndroidManifest.xml:7:19-47
intent-filter#action:name:android.intent.action.MAIN+category:name:android.intent.category.LAUNCHER
ADDED from src\main\AndroidManifest.xml:10:13-13:29
action#android.intent.action.MAIN
ADDED from src\main\AndroidManifest.xml:11:17-69
	android:name
		ADDED from src\main\AndroidManifest.xml:11:25-66
category#android.intent.category.LAUNCHER
ADDED from src\main\AndroidManifest.xml:12:17-77
	android:name
		ADDED from src\main\AndroidManifest.xml:12:27-74
activity#com.anoic.AccoutBook.MonthGridActivity
ADDED from src\main\AndroidManifest.xml:15:3-86
	android:screenOrientation
		ADDED from src\main\AndroidManifest.xml:15:48-84
	android:name
		ADDED from src\main\AndroidManifest.xml:15:13-46
activity#com.anoic.AccoutBook.ListViewActivity
ADDED from src\main\AndroidManifest.xml:16:3-47
	android:name
		ADDED from src\main\AndroidManifest.xml:16:13-45
activity#com.anoic.AccoutBook.AddRecordsActivity
ADDED from src\main\AndroidManifest.xml:17:3-94
	android:theme
		ADDED from src\main\AndroidManifest.xml:17:48-91
	android:name
		ADDED from src\main\AndroidManifest.xml:17:13-47
activity#com.anoic.AccoutBook.SetPassActivity
ADDED from src\main\AndroidManifest.xml:18:3-91
	android:theme
		ADDED from src\main\AndroidManifest.xml:18:45-88
	android:name
		ADDED from src\main\AndroidManifest.xml:18:13-44
uses-sdk
ADDED from src\main\AndroidManifest.xml:20:5-43
INJECTED from src\main\AndroidManifest.xml:20:5-43
INJECTED from src\main\AndroidManifest.xml:20:5-43
INJECTED from src\main\AndroidManifest.xml:20:5-43
INJECTED from src\main\AndroidManifest.xml:20:5-43
	android:targetSdkVersion
		INJECTED from src\main\AndroidManifest.xml
		ADDED from src\main\AndroidManifest.xml:20:5-43
		INJECTED from src\main\AndroidManifest.xml
	android:minSdkVersion
		ADDED from src\main\AndroidManifest.xml:20:15-40
		INJECTED from src\main\AndroidManifest.xml
		INJECTED from src\main\AndroidManifest.xml